2026-05-02 00:48:46 - VectorDB - INFO - Initializing VectorDatabase from data.jsonl
2026-05-02 00:48:46 - VectorDB - INFO - Loading embedding model: all-MiniLM-L6-v2
2026-05-02 00:50:56 - VectorDB - INFO - Initializing VectorDatabase from data.jsonl
2026-05-02 00:50:56 - VectorDB - INFO - Loading embedding model: all-MiniLM-L6-v2
2026-05-02 00:53:26 - VectorDB - INFO - Model loaded successfully. Embedding dimension: 384
2026-05-02 00:53:26 - VectorDB - INFO - HNSW index created with dimension=384, max_connections=32
2026-05-02 00:53:26 - VectorDB - INFO - Vector Database initialized
2026-05-02 00:53:26 - VectorDB - INFO - Indexing documents from data.jsonl
2026-05-02 00:53:26 - VectorDB - INFO - Starting document indexing from data.jsonl
2026-05-02 00:53:26 - VectorDB - INFO - Data file validated: data.jsonl
2026-05-02 00:53:26 - VectorDB - INFO - Loaded 24 documents from data.jsonl
2026-05-02 00:53:26 - VectorDB - INFO - Added 24 embeddings to index. Total: 24
2026-05-02 00:53:26 - VectorDB - INFO - Indexing complete. Total documents: 24
2026-05-02 00:53:26 - VectorDB - INFO - Successfully indexed 24 documents
2026-05-02 00:53:52 - VectorDB - INFO - Search completed for query: 'transportation in bursa'. Results: 3
2026-05-02 00:53:52 - VectorDB - INFO - Search completed for query: 'transportation in bursa' in 28.48ms
2026-05-02 00:54:02 - VectorDB - INFO - Search completed for query: 'bursadaki ulasim'. Results: 3
2026-05-02 00:54:02 - VectorDB - INFO - Search completed for query: 'bursadaki ulasim' in 32.27ms
2026-05-02 00:54:20 - VectorDB - INFO - Search completed for query: 'btu'. Results: 3
2026-05-02 00:54:20 - VectorDB - INFO - Search completed for query: 'btu' in 18.71ms
2026-05-02 00:54:32 - VectorDB - INFO - Search completed for query: 'btu hakkinda'. Results: 3
2026-05-02 00:54:32 - VectorDB - INFO - Search completed for query: 'btu hakkinda' in 27.19ms
2026-05-02 00:54:48 - VectorDB - INFO - Search completed for query: 'bursa teknik university'. Results: 3
2026-05-02 00:54:48 - VectorDB - INFO - Search completed for query: 'bursa teknik university' in 28.66ms
2026-05-02 00:55:06 - VectorDB - INFO - Search completed for query: 'matematik nedir'. Results: 3
2026-05-02 00:55:06 - VectorDB - INFO - Search completed for query: 'matematik nedir' in 22.79ms
2026-05-02 00:55:15 - VectorDB - INFO - Search completed for query: 'maths is'. Results: 3
2026-05-02 00:55:15 - VectorDB - INFO - Search completed for query: 'maths is' in 33.61ms
2026-05-02 00:55:21 - VectorDB - INFO - Search completed for query: 'what is maths'. Results: 3
2026-05-02 00:55:21 - VectorDB - INFO - Search completed for query: 'what is maths' in 27.75ms
2026-05-02 00:55:33 - VectorDB - INFO - Search completed for query: 'what do you know about ai'. Results: 3
2026-05-02 00:55:33 - VectorDB - INFO - Search completed for query: 'what do you know about ai' in 27.18ms
2026-05-02 00:58:52 - VectorDB - INFO - Search completed for query: 'what is machine learning'. Results: 3
2026-05-02 00:58:52 - VectorDB - INFO - Search completed for query: 'what is machine learning' in 23.57ms
2026-05-02 01:04:42 - VectorDB - INFO - Search completed for query: 'makine ogrenmesi nedir'. Results: 3
2026-05-02 01:04:42 - VectorDB - INFO - Search completed for query: 'makine ogrenmesi nedir' in 22.44ms
2026-05-02 01:05:27 - VectorDB - INFO - Search completed for query: 'learning ai how is it'. Results: 3
2026-05-02 01:05:27 - VectorDB - INFO - Search completed for query: 'learning ai how is it' in 21.78ms
2026-05-02 01:06:42 - VectorDB - INFO - Search completed for query: 'about career'. Results: 3
2026-05-02 01:06:42 - VectorDB - INFO - Search completed for query: 'about career' in 28.98ms
2026-05-02 01:07:22 - VectorDB - INFO - Search completed for query: 'what are the platforms that is needed in staj'. Results: 3
2026-05-02 01:07:22 - VectorDB - INFO - Search completed for query: 'what are the platforms that is needed in staj' in 31.84ms
2026-05-02 01:07:46 - VectorDB - INFO - Search completed for query: 'kariyer icin ne olmasi gerekir'. Results: 3
2026-05-02 01:07:46 - VectorDB - INFO - Search completed for query: 'kariyer icin ne olmasi gerekir' in 32.86ms
2026-05-02 01:08:07 - VectorDB - INFO - Search completed for query: 'programlama dilleri onemli mi'. Results: 3
2026-05-02 01:08:07 - VectorDB - INFO - Search completed for query: 'programlama dilleri onemli mi' in 32.64ms
2026-05-02 01:08:42 - VectorDB - INFO - Search completed for query: 'what are the things needed for career'. Results: 3
2026-05-02 01:08:42 - VectorDB - INFO - Search completed for query: 'what are the things needed for career' in 22.40ms
2026-05-02 01:09:05 - VectorDB - INFO - Search completed for query: 'which apps needed for work'. Results: 3
2026-05-02 01:09:05 - VectorDB - INFO - Search completed for query: 'which apps needed for work' in 28.50ms
2026-05-02 01:09:25 - VectorDB - INFO - Search completed for query: 'searching for work'. Results: 3
2026-05-02 01:09:25 - VectorDB - INFO - Search completed for query: 'searching for work' in 27.97ms
2026-05-02 01:09:39 - VectorDB - INFO - Search completed for query: 'is bulmak icin ne gerekir'. Results: 3
2026-05-02 01:09:39 - VectorDB - INFO - Search completed for query: 'is bulmak icin ne gerekir' in 24.77ms
2026-05-02 01:09:59 - VectorDB - INFO - Search completed for query: 'is github important'. Results: 3
2026-05-02 01:09:59 - VectorDB - INFO - Search completed for query: 'is github important' in 28.21ms
2026-05-02 01:10:09 - VectorDB - INFO - Search completed for query: 'linkdin and githup'. Results: 3
2026-05-02 01:10:09 - VectorDB - INFO - Search completed for query: 'linkdin and githup' in 29.99ms
2026-05-02 01:10:31 - VectorDB - INFO - Search completed for query: 'linkedin and github are they important'. Results: 3
2026-05-02 01:10:31 - VectorDB - INFO - Search completed for query: 'linkedin and github are they important' in 20.52ms
2026-05-02 01:10:48 - VectorDB - INFO - Search completed for query: 'linkedin ve githup onemli mi'. Results: 3
2026-05-02 01:10:48 - VectorDB - INFO - Search completed for query: 'linkedin ve githup onemli mi' in 19.66ms
2026-05-02 01:11:30 - VectorDB - INFO - Search completed for query: 'in calculus what are the subjects learned'. Results: 3
2026-05-02 01:11:30 - VectorDB - INFO - Search completed for query: 'in calculus what are the subjects learned' in 20.14ms
2026-05-02 01:12:13 - VectorDB - INFO - Search completed for query: 'what do we learn in calculus'. Results: 3
2026-05-02 01:12:13 - VectorDB - INFO - Search completed for query: 'what do we learn in calculus' in 29.45ms
2026-05-02 01:12:28 - VectorDB - INFO - Search completed for query: 'what do we learn in calculus lesson'. Results: 3
2026-05-02 01:12:28 - VectorDB - INFO - Search completed for query: 'what do we learn in calculus lesson' in 29.32ms
2026-05-02 01:12:49 - VectorDB - INFO - Search completed for query: 'what are the subjects in calculus lesson'. Results: 3
2026-05-02 01:12:49 - VectorDB - INFO - Search completed for query: 'what are the subjects in calculus lesson' in 19.93ms
2026-05-02 01:13:23 - VectorDB - INFO - Search completed for query: 'matematikte kalkulus dersinde ne konular islenir'. Results: 3
2026-05-02 01:13:23 - VectorDB - INFO - Search completed for query: 'matematikte kalkulus dersinde ne konular islenir' in 32.66ms
2026-05-02 01:14:01 - VectorDB - INFO - Search completed for query: 'bursadaki ulasim'. Results: 3
2026-05-02 01:14:01 - VectorDB - INFO - Search completed for query: 'bursadaki ulasim' in 21.01ms
2026-05-02 01:14:52 - VectorDB - INFO - Search completed for query: 'transportation in bursa'. Results: 3
2026-05-02 01:14:52 - VectorDB - INFO - Search completed for query: 'transportation in bursa' in 20.50ms
2026-05-02 01:15:37 - VectorDB - INFO - Search completed for query: 'bursada ulasim'. Results: 3
2026-05-02 01:15:37 - VectorDB - INFO - Search completed for query: 'bursada ulasim' in 24.24ms
2026-05-02 01:30:00 - VectorDB - INFO - Initializing VectorDatabase from data.jsonl
2026-05-02 01:30:00 - VectorDB - INFO - Loading embedding model: all-MiniLM-L6-v2
2026-05-02 01:30:05 - VectorDB - INFO - Model loaded successfully. Embedding dimension: 384
2026-05-02 01:30:05 - VectorDB - INFO - HNSW index created with dimension=384, max_connections=32
2026-05-02 01:30:05 - VectorDB - INFO - Vector Database initialized
2026-05-02 01:30:05 - VectorDB - INFO - Indexing documents from data.jsonl
2026-05-02 01:30:05 - VectorDB - INFO - Starting document indexing from data.jsonl
2026-05-02 01:30:05 - VectorDB - INFO - Data file validated: data.jsonl
2026-05-02 01:30:05 - VectorDB - INFO - Loaded 24 documents from data.jsonl
2026-05-02 01:30:06 - VectorDB - INFO - Added 24 embeddings to index. Total: 24
2026-05-02 01:30:06 - VectorDB - INFO - Indexing complete. Total documents: 24
2026-05-02 01:30:06 - VectorDB - INFO - Successfully indexed 24 documents
2026-05-02 01:30:24 - VectorDB - INFO - Search completed for query: 'transportation in Bursa'. Results: 3
2026-05-02 01:30:24 - VectorDB - INFO - Search completed for query: 'transportation in Bursa' in 20.87ms
2026-05-02 01:30:39 - VectorDB - INFO - Search completed for query: 'bursada ulasim'. Results: 3
2026-05-02 01:30:39 - VectorDB - INFO - Search completed for query: 'bursada ulasim' in 29.74ms
2026-05-02 01:31:04 - VectorDB - INFO - Search completed for query: 'bursa teknik universite'. Results: 3
2026-05-02 01:31:04 - VectorDB - INFO - Search completed for query: 'bursa teknik universite' in 14.88ms
2026-05-02 01:31:32 - VectorDB - INFO - Search completed for query: 'yapay zeka nedir'. Results: 3
2026-05-02 01:31:32 - VectorDB - INFO - Search completed for query: 'yapay zeka nedir' in 25.35ms
2026-05-02 01:42:15 - VectorDB - INFO - Initializing VectorDatabase from data.jsonl
2026-05-02 01:42:15 - VectorDB - INFO - Loading embedding model: all-MiniLM-L6-v2
2026-05-02 01:42:20 - VectorDB - INFO - Model loaded successfully. Embedding dimension: 384
2026-05-02 01:42:20 - VectorDB - INFO - HNSW index created with dimension=384, max_connections=32
2026-05-02 01:42:20 - VectorDB - INFO - Vector Database initialized
2026-05-02 01:42:20 - VectorDB - INFO - Indexing documents from data.jsonl
2026-05-02 01:42:20 - VectorDB - INFO - Starting document indexing from data.jsonl
2026-05-02 01:42:20 - VectorDB - INFO - Data file validated: data.jsonl
2026-05-02 01:42:20 - VectorDB - INFO - Loaded 24 documents from data.jsonl
2026-05-02 01:42:21 - VectorDB - INFO - Added 24 embeddings to index. Total: 24
2026-05-02 01:42:21 - VectorDB - INFO - Indexing complete. Total documents: 24
2026-05-02 01:42:21 - VectorDB - INFO - Successfully indexed 24 documents
2026-05-02 01:43:58 - VectorDB - INFO - Search completed for query: 'transportation in bursa'. Results: 3
2026-05-02 01:43:58 - VectorDB - INFO - Search completed for query: 'transportation in bursa' in 42.56ms
2026-05-02 01:44:08 - VectorDB - INFO - Search completed for query: 'bursada ulasim'. Results: 3
2026-05-02 01:44:08 - VectorDB - INFO - Search completed for query: 'bursada ulasim' in 41.95ms
2026-05-02 01:44:26 - VectorDB - INFO - Search completed for query: 'transportation in bursa'. Results: 3
2026-05-02 01:44:26 - VectorDB - INFO - Search completed for query: 'transportation in bursa' in 25.67ms
2026-05-02 01:44:37 - VectorDB - INFO - Search completed for query: 'vehicles in bursa'. Results: 3
2026-05-02 01:44:37 - VectorDB - INFO - Search completed for query: 'vehicles in bursa' in 26.14ms
